# JRE version: OpenJDK Runtime Environment Corretto-11.0.15.9.1 (11.0.15+9) (build 11.0.15+9-LTS)
# Java VM: OpenJDK 64-Bit Server VM Corretto-11.0.15.9.1 (11.0.15+9-LTS, mixed mode, tiered, compressed oops, g1 gc, windows-amd64)
Heap:
 garbage-first heap   total 189440K, used 25893K [0x0000000081e00000, 0x0000000100000000)
  region size 1024K, 8 young (8192K), 8 survivors (8192K)
 Metaspace       used 54950K, capacity 56598K, committed 56624K, reserved 1103872K
  class space    used 7138K, capacity 7792K, committed 7808K, reserved 1048576K
GC Heap History (19 events):
Event: 1.324 GC heap before
{Heap before GC invocations=0 (full 0):
 garbage-first heap   total 131072K, used 15360K [0x0000000081e00000, 0x0000000100000000)
  region size 1024K, 14 young (14336K), 0 survivors (0K)
 Metaspace       used 11571K, capacity 11882K, committed 12160K, reserved 1060864K
  class space    used 1183K, capacity 1302K, committed 1408K, reserved 1048576K
}
Event: 1.331 GC heap after
{Heap after GC invocations=1 (full 0):
 garbage-first heap   total 131072K, used 8338K [0x0000000081e00000, 0x0000000100000000)
  region size 1024K, 2 young (2048K), 2 survivors (2048K)
 Metaspace       used 11571K, capacity 11882K, committed 12160K, reserved 1060864K
  class space    used 1183K, capacity 1302K, committed 1408K, reserved 1048576K
}
Event: 1.650 GC heap before
{Heap before GC invocations=1 (full 0):
 garbage-first heap   total 131072K, used 20626K [0x0000000081e00000, 0x0000000100000000)
  region size 1024K, 14 young (14336K), 2 survivors (2048K)
 Metaspace       used 14350K, capacity 14800K, committed 14976K, reserved 1062912K
  class space    used 1493K, capacity 1639K, committed 1664K, reserved 1048576K
}
Event: 1.655 GC heap after
{Heap after GC invocations=2 (full 0):
 garbage-first heap   total 131072K, used 9623K [0x0000000081e00000, 0x0000000100000000)
  region size 1024K, 2 young (2048K), 2 survivors (2048K)
 Metaspace       used 14350K, capacity 14800K, committed 14976K, reserved 1062912K
  class space    used 1493K, capacity 1639K, committed 1664K, reserved 1048576K
}
Event: 2.173 GC heap before
{Heap before GC invocations=2 (full 0):
 garbage-first heap   total 131072K, used 33175K [0x0000000081e00000, 0x0000000100000000)
  region size 1024K, 26 young (26624K), 2 survivors (2048K)
 Metaspace       used 18189K, capacity 18769K, committed 18944K, reserved 1067008K
  class space    used 2023K, capacity 2239K, committed 2304K, reserved 1048576K
}
Event: 2.178 GC heap after
{Heap after GC invocations=3 (full 0):
 garbage-first heap   total 131072K, used 10853K [0x0000000081e00000, 0x0000000100000000)
  region size 1024K, 3 young (3072K), 3 survivors (3072K)
 Metaspace       used 18189K, capacity 18769K, committed 18944K, reserved 1067008K
  class space    used 2023K, capacity 2239K, committed 2304K, reserved 1048576K
}
Event: 2.492 GC heap before
{Heap before GC invocations=3 (full 0):
 garbage-first heap   total 131072K, used 26213K [0x0000000081e00000, 0x0000000100000000)
  region size 1024K, 19 young (19456K), 3 survivors (3072K)
 Metaspace       used 20454K, capacity 21128K, committed 21296K, reserved 1069056K
  class space    used 2335K, capacity 2607K, committed 2688K, reserved 1048576K
}
Event: 2.499 GC heap after
{Heap after GC invocations=4 (full 0):
 garbage-first heap   total 131072K, used 11806K [0x0000000081e00000, 0x0000000100000000)
  region size 1024K, 4 young (4096K), 4 survivors (4096K)
 Metaspace       used 20454K, capacity 21128K, committed 21296K, reserved 1069056K
  class space    used 2335K, capacity 2607K, committed 2688K, reserved 1048576K
}
Event: 3.125 GC heap before
{Heap before GC invocations=5 (full 0):
 garbage-first heap   total 131072K, used 64030K [0x0000000081e00000, 0x0000000100000000)
  region size 1024K, 56 young (57344K), 4 survivors (4096K)
 Metaspace       used 25751K, capacity 26626K, committed 26800K, reserved 1073152K
  class space    used 3145K, capacity 3479K, committed 3584K, reserved 1048576K
}
Event: 3.137 GC heap after
{Heap after GC invocations=6 (full 0):
 garbage-first heap   total 131072K, used 13430K [0x0000000081e00000, 0x0000000100000000)
  region size 1024K, 5 young (5120K), 5 survivors (5120K)
 Metaspace       used 25751K, capacity 26626K, committed 26800K, reserved 1073152K
  class space    used 3145K, capacity 3479K, committed 3584K, reserved 1048576K
}
Event: 4.441 GC heap before
{Heap before GC invocations=6 (full 0):
 garbage-first heap   total 131072K, used 82038K [0x0000000081e00000, 0x0000000100000000)
  region size 1024K, 73 young (74752K), 5 survivors (5120K)
 Metaspace       used 30723K, capacity 31837K, committed 32176K, reserved 1077248K
  class space    used 3819K, capacity 4260K, committed 4352K, reserved 1048576K
}
Event: 4.454 GC heap after
{Heap after GC invocations=7 (full 0):
 garbage-first heap   total 157696K, used 15912K [0x0000000081e00000, 0x0000000100000000)
  region size 1024K, 8 young (8192K), 8 survivors (8192K)
 Metaspace       used 30723K, capacity 31837K, committed 32176K, reserved 1077248K
  class space    used 3819K, capacity 4260K, committed 4352K, reserved 1048576K
}
Event: 5.420 GC heap before
{Heap before GC invocations=7 (full 0):
 garbage-first heap   total 157696K, used 56872K [0x0000000081e00000, 0x0000000100000000)
  region size 1024K, 49 young (50176K), 8 survivors (8192K)
 Metaspace       used 34411K, capacity 35757K, committed 35888K, reserved 1081344K
  class space    used 4397K, capacity 4918K, committed 4992K, reserved 1048576K
}
Event: 5.448 GC heap after
{Heap after GC invocations=8 (full 0):
 garbage-first heap   total 157696K, used 18485K [0x0000000081e00000, 0x0000000100000000)
  region size 1024K, 8 young (8192K), 8 survivors (8192K)
 Metaspace       used 34411K, capacity 35757K, committed 35888K, reserved 1081344K
  class space    used 4397K, capacity 4918K, committed 4992K, reserved 1048576K
}
Event: 7.283 GC heap before
{Heap before GC invocations=9 (full 0):
 garbage-first heap   total 157696K, used 99381K [0x0000000081e00000, 0x0000000100000000)
  region size 1024K, 87 young (89088K), 8 survivors (8192K)
 Metaspace       used 43016K, capacity 44570K, committed 44592K, reserved 1087488K
  class space    used 5406K, capacity 6004K, committed 6016K, reserved 1048576K
}
Event: 7.298 GC heap after
{Heap after GC invocations=10 (full 0):
 garbage-first heap   total 157696K, used 22048K [0x0000000081e00000, 0x0000000100000000)
  region size 1024K, 9 young (9216K), 9 survivors (9216K)
 Metaspace       used 43016K, capacity 44570K, committed 44592K, reserved 1087488K
  class space    used 5406K, capacity 6004K, committed 6016K, reserved 1048576K
}
Event: 9.570 GC heap before
{Heap before GC invocations=10 (full 0):
 garbage-first heap   total 157696K, used 107040K [0x0000000081e00000, 0x0000000100000000)
  region size 1024K, 92 young (94208K), 9 survivors (9216K)
 Metaspace       used 53432K, capacity 54986K, committed 55216K, reserved 1097728K
  class space    used 6976K, capacity 7599K, committed 7680K, reserved 1048576K
}
Event: 9.585 GC heap after
{Heap after GC invocations=11 (full 0):
 garbage-first heap   total 157696K, used 24040K [0x0000000081e00000, 0x0000000100000000)
  region size 1024K, 9 young (9216K), 9 survivors (9216K)
 Metaspace       used 53432K, capacity 54986K, committed 55216K, reserved 1097728K
  class space    used 6976K, capacity 7599K, committed 7680K, reserved 1048576K
}
Event: 10.020 GC heap before
{Heap before GC invocations=11 (full 0):
 garbage-first heap   total 157696K, used 39400K [0x0000000081e00000, 0x0000000100000000)
  region size 1024K, 25 young (25600K), 9 survivors (9216K)
 Metaspace       used 54950K, capacity 56598K, committed 56624K, reserved 1103872K
  class space    used 7138K, capacity 7792K, committed 7808K, reserved 1048576K
}

